[Tue Aug 12 11:25:15.680 2008] 0.025 sec [ext/0/rel 2 (0,20)] [main] hello
[Tue Aug 12 11:25:40.037 2008] 0.000 sec [ext/0/rel 2 (0,20)] [main] hello
[Tue Aug 12 11:25:47.969 2008] 0.000 sec [ext/0/rel 1 (0,20)] [main] mist
[Tue Aug 12 11:26:37.593 2008] 0.000 sec [ext/0/rel 5 (0,20)] [main] hsv
[Tue Aug 12 11:27:19.549 2008] 0.000 sec [ext/0/rel 0 (0,20)] [main] klinsman
[Tue Aug 12 11:27:22.198 2008] 0.000 sec [ext/0/rel 5 (0,20)] [main] klinsmann
[Tue Aug 12 11:31:32.025 2008] 0.000 sec [ext/0/rel 5 (0,20)] [main] klinsmann
[Tue Aug 12 13:00:44.657 2008] 0.000 sec [ext/0/rel 0 (0,20)] [main] juhuuu
[Tue Aug 12 13:00:50.150 2008] 0.000 sec [ext/0/rel 0 (0,20)] [main] new delhi
[Tue Aug 12 13:00:55.290 2008] 0.000 sec [ext/0/rel 14 (0,20)] [main] indien
[Tue Aug 12 13:19:20.227 2008] 0.000 sec [ext/0/rel 1 (0,20)] [main] russia
[Tue Aug 12 13:19:23.975 2008] 0.000 sec [ext/0/rel 1 (0,20)] [main] russia
[Tue Aug 12 13:19:25.130 2008] 0.000 sec [ext/0/rel 1 (0,20)] [main] russia
[Tue Aug 12 13:19:27.679 2008] 0.000 sec [ext/0/rel 1 (0,20)] [main] russia
[Tue Aug 12 13:20:09.424 2008] 0.000 sec [ext/0/rel 1 (0,20)] [main] russia
[Tue Aug 12 13:49:46.767 2008] 0.000 sec [ext/0/rel 0 (0,20)] [main] vvbv
[Tue Aug 12 13:49:56.068 2008] 0.000 sec [ext/0/rel 0 (0,20)] [main] ffggf
[Tue Aug 12 13:51:54.300 2008] 0.000 sec [ext/0/rel 0 (0,20)] [main] sd
[Tue Aug 12 13:52:19.789 2008] 0.000 sec [ext/0/rel 0 (0,20)] [main] sd
[Tue Aug 12 13:52:20.948 2008] 0.000 sec [ext/0/rel 0 (0,20)] [main] sd
[Tue Aug 12 13:52:28.016 2008] 0.000 sec [ext/0/rel 0 (0,20)] [main] ds
[Tue Aug 12 13:58:27.977 2008] 0.000 sec [ext/0/rel 0 (0,20)] [main] ds
[Tue Aug 12 13:58:28.997 2008] 0.000 sec [ext/0/rel 0 (0,20)] [main] ds
[Tue Aug 12 13:59:57.416 2008] 0.000 sec [ext/0/rel 0 (0,20)] [main] sd
[Tue Aug 12 14:00:06.708 2008] 0.023 sec [ext/0/rel 4 (0,20)] [main] dd
[Tue Aug 12 14:00:50.632 2008] 0.000 sec [ext/0/rel 4 (0,20)] [main] dd
[Tue Aug 12 14:01:02.282 2008] 0.034 sec [ext/0/rel 35 (0,20)] [main] suche
[Tue Aug 12 14:02:12.118 2008] 0.000 sec [ext/0/rel 35 (0,20)] [main] suche
[Tue Aug 12 14:03:33.762 2008] 0.000 sec [ext/0/rel 35 (0,20)] [main] suche
[Tue Aug 12 14:11:15.346 2008] 0.000 sec [ext/0/rel 35 (0,20)] [main] suche
[Tue Aug 12 14:19:22.140 2008] 0.000 sec [ext/0/rel 0 (0,20)] [main] fdf
[Tue Aug 12 14:27:24.543 2008] 0.039 sec [ext/0/rel 38 (0,20)] [main] putin
[Tue Aug 12 14:29:11.548 2008] 0.000 sec [ext/0/rel 0 (0,20)] [main] dsd
[Tue Aug 12 14:30:12.512 2008] 0.000 sec [ext/0/rel 0 (0,20)] [main] dsd
[Tue Aug 12 14:31:55.865 2008] 0.000 sec [ext/0/rel 38 (0,20)] [main] putin
[Tue Aug 12 14:37:42.255 2008] 0.000 sec [ext/0/rel 38 (0,20)] [main] putin
[Tue Aug 12 14:47:54.791 2008] 0.078 sec [ext/0/rel 87 (0,20)] [main] russland
[Tue Aug 12 14:49:45.332 2008] 0.000 sec [ext/0/rel 87 (0,20)] [main] russland
[Tue Aug 12 14:49:46.307 2008] 0.000 sec [ext/0/rel 87 (0,20)] [main] russland
[Tue Aug 12 14:49:47.267 2008] 0.000 sec [ext/0/rel 87 (0,20)] [main] russland
[Tue Aug 12 14:54:11.905 2008] 0.029 sec [ext/0/rel 1 (0,20)] [main] dvv
[Tue Aug 12 14:54:35.810 2008] 0.000 sec [ext/0/rel 38 (0,20)] [main] putin
[Tue Aug 12 14:59:51.376 2008] 0.036 sec [ext/0/rel 5 (0,20)] [main] hsv
[Tue Aug 12 15:12:51.753 2008] 0.000 sec [ext/0/rel 0 (0,20)] [main] kjk
[Tue Aug 12 15:13:42.124 2008] 0.000 sec [ext/0/rel 0 (0,20)] [main] kjk
[Tue Aug 12 15:13:43.446 2008] 0.000 sec [ext/0/rel 0 (0,20)] [main] kjk
[Tue Aug 12 15:13:44.448 2008] 0.000 sec [ext/0/rel 0 (0,20)] [main] kjk
[Tue Aug 12 15:13:44.595 2008] 0.000 sec [ext/0/rel 0 (0,20)] [main] kjk
[Tue Aug 12 15:13:44.760 2008] 0.000 sec [ext/0/rel 0 (0,20)] [main] kjk
[Tue Aug 12 15:30:36.054 2008] 0.081 sec [ext/0/rel 2 (0,20)] [main] tennis
[Tue Aug 12 15:33:20.483 2008] 0.000 sec [ext/0/rel 0 (0,20)] [main] ljl
[Tue Aug 12 15:36:12.782 2008] 0.000 sec [ext/0/rel 0 (0,20)] [main] fussball
[Tue Aug 12 16:14:28.509 2008] 0.034 sec [ext/0/rel 98 (0,20)] [main] haus
[Tue Aug 12 16:47:48.064 2008] 0.000 sec [ext/0/rel 5 (0,20)] [main] putin
[Tue Aug 12 16:50:31.092 2008] 0.000 sec [ext/0/rel 16 (0,20)] [main] russland
[Tue Aug 12 16:51:41.208 2008] 0.000 sec [ext/0/rel 5 (0,20)] [main] putin
[Tue Aug 12 16:54:32.744 2008] 0.000 sec [ext/0/rel 3 (0,20)] [main] bush
[Tue Aug 12 16:55:35.167 2008] 0.000 sec [ext/0/rel 0 (0,20)] [main] hsv
[Tue Aug 12 16:55:40.432 2008] 0.000 sec [ext/0/rel 9 (0,20)] [main] hamburg
[Tue Aug 12 16:57:57.447 2008] 0.000 sec [ext/0/rel 20 (0,20)] [main] russland
[Tue Aug 12 17:08:50.840 2008] 0.000 sec [ext/0/rel 0 (0,20)] [main] fre
[Tue Aug 12 17:09:01.758 2008] 0.000 sec [ext/0/rel 0 (0,20)] [main] fgh
[Tue Aug 12 17:09:12.109 2008] 0.000 sec [ext/0/rel 0 (0,20)] [main] ronaldinho
[Tue Aug 12 17:09:16.818 2008] 0.000 sec [ext/0/rel 0 (0,20)] [main] kaka
[Tue Aug 12 17:09:21.919 2008] 0.000 sec [ext/0/rel 0 (0,20)] [main] klinsman
[Tue Aug 12 17:09:25.463 2008] 0.000 sec [ext/0/rel 0 (0,20)] [main] klinsmann
[Tue Aug 12 17:09:31.393 2008] 0.001 sec [ext/0/rel 6 (0,20)] [main] bayern
