[Tue Aug 12 11:25:05.588 2008] [  678] creating server socket on 0.0.0.0:3313
[Tue Aug 12 11:25:05.588 2008] [  678] accepting connections
[Tue Aug 12 16:47:00.844 2008] [  678] rotating indices (seamless=1)
[Tue Aug 12 16:47:00.852 2008] [  678] rotating index 'main': success
[Tue Aug 12 16:47:00.853 2008] [  678] rotating finished
[Tue Aug 12 16:57:07.103 2008] [  678] rotating indices (seamless=1)
[Tue Aug 12 16:57:07.110 2008] [  678] rotating index 'main': success
[Tue Aug 12 16:57:07.110 2008] [  678] rotating finished
[Wed Aug 13 00:58:39.723 2008] [  678] caught SIGTERM, shutting down
[Wed Aug 13 00:58:39.724 2008] [  678] shutdown complete
[Wed Aug 13 08:39:20.808 2008] [  369] creating server socket on 0.0.0.0:3313
[Wed Aug 13 08:39:20.826 2008] [  369] accepting connections
[Wed Aug 13 08:50:52.930 2008] [  369] rotating indices (seamless=1)
[Wed Aug 13 08:50:52.958 2008] [  369] rotating index 'main': success
[Wed Aug 13 08:50:52.958 2008] [  369] rotating finished
[Wed Aug 13 08:50:57.051 2008] [  369] caught SIGTERM, shutting down
[Wed Aug 13 08:50:57.052 2008] [  369] shutdown complete
[Wed Aug 13 08:51:01.074 2008] [  408] creating server socket on 0.0.0.0:3313
[Wed Aug 13 08:51:01.074 2008] [  408] accepting connections
[Wed Aug 13 11:42:14.666 2008] [  408] rotating indices (seamless=1)
[Wed Aug 13 11:42:14.694 2008] [  408] rotating index 'main': success
[Wed Aug 13 11:42:14.694 2008] [  408] rotating finished
[Wed Aug 13 11:42:18.712 2008] [  408] caught SIGTERM, shutting down
[Wed Aug 13 11:42:18.714 2008] [  408] shutdown complete
[Wed Aug 13 11:42:22.732 2008] [  712] creating server socket on 0.0.0.0:3313
[Wed Aug 13 11:42:22.732 2008] [  712] accepting connections
[Wed Aug 13 12:34:40.643 2008] [  712] rotating indices (seamless=1)
[Wed Aug 13 12:34:40.650 2008] [  712] rotating index 'main': success
[Wed Aug 13 12:34:40.651 2008] [  712] rotating finished
[Wed Aug 13 18:33:56.805 2008] [  712] caught SIGTERM, shutting down
[Wed Aug 13 18:33:56.805 2008] [  712] shutdown complete
[Wed Aug 13 22:21:37.172 2008] [  496] creating server socket on 0.0.0.0:3313
[Wed Aug 13 22:21:37.191 2008] [  496] accepting connections
[Wed Aug 13 23:57:45.581 2008] [  496] rotating indices (seamless=1)
[Wed Aug 13 23:57:45.614 2008] [  496] rotating index 'delta': success
[Wed Aug 13 23:57:45.623 2008] [  496] rotating index 'main': success
[Wed Aug 13 23:57:45.623 2008] [  496] rotating finished
[Wed Aug 13 23:57:49.662 2008] [  496] caught SIGTERM, shutting down
[Wed Aug 13 23:57:49.665 2008] [  496] shutdown complete
[Wed Aug 13 23:57:53.761 2008] [  965] creating server socket on 0.0.0.0:3313
[Wed Aug 13 23:57:53.761 2008] [  965] accepting connections
[Thu Aug 14 00:16:40.238 2008] [  965] caught SIGTERM, shutting down
[Thu Aug 14 00:16:40.254 2008] [  965] shutdown complete
[Thu Aug 14 12:50:27.954 2008] [  349] creating server socket on 0.0.0.0:3313
[Thu Aug 14 12:50:27.981 2008] [  349] accepting connections
[Thu Aug 14 15:58:11.174 2008] [  349] rotating indices (seamless=1)
[Thu Aug 14 15:58:11.181 2008] [  349] rotating index 'delta': success
[Thu Aug 14 15:58:11.188 2008] [  349] rotating index 'main': success
[Thu Aug 14 15:58:11.188 2008] [  349] rotating finished
[Thu Aug 14 15:58:15.522 2008] [  349] caught SIGTERM, shutting down
[Thu Aug 14 15:58:15.523 2008] [  349] shutdown complete
[Thu Aug 14 15:58:19.575 2008] [ 1346] creating server socket on 0.0.0.0:3313
[Thu Aug 14 15:58:19.575 2008] [ 1346] accepting connections
[Thu Aug 14 16:13:04.300 2008] [ 1346] rotating indices (seamless=1)
[Thu Aug 14 16:13:04.306 2008] [ 1346] rotating index 'delta': success
[Thu Aug 14 16:13:04.313 2008] [ 1346] rotating index 'main': success
[Thu Aug 14 16:13:04.314 2008] [ 1346] rotating finished
[Thu Aug 14 16:13:08.350 2008] [ 1346] caught SIGTERM, shutting down
[Thu Aug 14 16:13:08.351 2008] [ 1346] shutdown complete
[Thu Aug 14 16:13:12.373 2008] [ 1458] creating server socket on 0.0.0.0:3313
[Thu Aug 14 16:13:12.373 2008] [ 1458] accepting connections
[Thu Aug 14 17:40:02.421 2008] [ 1458] rotating indices (seamless=1)
[Thu Aug 14 17:40:02.463 2008] [ 1458] rotating index 'delta': success
[Thu Aug 14 17:40:02.483 2008] [ 1458] rotating index 'main': success
[Thu Aug 14 17:40:02.483 2008] [ 1458] rotating finished
[Thu Aug 14 17:40:06.501 2008] [ 1458] caught SIGTERM, shutting down
[Thu Aug 14 17:40:06.502 2008] [ 1458] shutdown complete
[Thu Aug 14 17:40:10.525 2008] [ 1915] creating server socket on 0.0.0.0:3313
[Thu Aug 14 17:40:10.525 2008] [ 1915] accepting connections
[Thu Aug 14 18:05:25.779 2008] [  246] creating server socket on 0.0.0.0:3313
[Thu Aug 14 18:05:25.796 2008] [  246] accepting connections
[Thu Aug 14 19:45:35.944 2008] [  246] rotating indices (seamless=1)
[Thu Aug 14 19:45:35.950 2008] [  246] rotating index 'delta': success
[Thu Aug 14 19:45:35.955 2008] [  246] rotating index 'main': success
[Thu Aug 14 19:45:35.955 2008] [  246] rotating finished
[Thu Aug 14 19:50:37.045 2008] [  246] rotating indices (seamless=1)
[Thu Aug 14 19:50:37.051 2008] [  246] rotating index 'delta': success
[Thu Aug 14 19:50:37.058 2008] [  246] rotating index 'main': success
[Thu Aug 14 19:50:37.058 2008] [  246] rotating finished
